<?xml version="1.0" encoding="UTF-8"?>
<!-- Generated by org.testng.reporters.JUnitReportReporter -->
<testsuite hostname="SYSR159" failures="0" tests="2" name="SeleniumJavaFramework.ReachHealthTests" time="36.038" errors="0" timestamp="2021-12-01T10:31:21 IST" skipped="0">
  <testcase classname="SeleniumJavaFramework.ReachHealthTests" name="loginToReachHealthWithValidCredentials" time="18.660"/>
  <system-out/>
  <testcase classname="SeleniumJavaFramework.ReachHealthTests" name="loginToReachHealthWithInvalidCredentials" time="17.378"/>
  <system-out/>
</testsuite> <!-- SeleniumJavaFramework.ReachHealthTests -->
