<?xml version="1.0" encoding="UTF-8"?>
<!-- Generated by org.testng.reporters.JUnitReportReporter -->
<testsuite skipped="0" hostname="SYSR159" name="SeleniumJavaFramework.ReachHealthTests" tests="2" failures="0" timestamp="2021-12-01T17:42:23 IST" time="38.368" errors="0">
  <testcase name="loginToReachHealthWithInvalidCredentials" time="20.225" classname="SeleniumJavaFramework.ReachHealthTests"/>
  <system-out/>
  <testcase name="loginToReachHealthWithValidCredentials" time="18.143" classname="SeleniumJavaFramework.ReachHealthTests"/>
  <system-out/>
</testsuite> <!-- SeleniumJavaFramework.ReachHealthTests -->
