<?xml version="1.0" encoding="UTF-8"?>
<!-- Generated by org.testng.reporters.JUnitReportReporter -->
<testsuite skipped="0" hostname="SYSR159" name="SeleniumJavaFramework.ReachHealthTests" tests="2" failures="0" timestamp="2021-12-02T17:15:08 IST" time="37.930" errors="0">
  <testcase name="loginToReachHealthWithValidCredentials" time="27.004" classname="SeleniumJavaFramework.ReachHealthTests"/>
  <system-out/>
  <testcase name="loginToReachHealthWithInvalidCredentials" time="10.926" classname="SeleniumJavaFramework.ReachHealthTests"/>
  <system-out/>
</testsuite> <!-- SeleniumJavaFramework.ReachHealthTests -->
